DEB [20260207-23:59:28.422] thr=1   paramiko.transport: starting thread (client mode): 0x1e20bf90
DEB [20260207-23:59:28.422] thr=1   paramiko.transport: Local version/idstring: SSH-2.0-paramiko_4.0.0
DEB [20260207-23:59:28.550] thr=1   paramiko.transport: Remote version/idstring: SSH-2.0-OpenSSH_8.9p1 Ubuntu-3ubuntu0.13
INF [20260207-23:59:28.550] thr=1   paramiko.transport: Connected (version 2.0, client OpenSSH_8.9p1)
DEB [20260207-23:59:28.671] thr=1   paramiko.transport: === Key exchange possibilities ===
DEB [20260207-23:59:28.671] thr=1   paramiko.transport: kex algos: curve25519-sha256, curve25519-sha256@libssh.org, ecdh-sha2-nistp256, ecdh-sha2-nistp384, ecdh-sha2-nistp521, sntrup761x25519-sha512@openssh.com, diffie-hellman-group-exchange-sha256, diffie-hellman-group16-sha512, diffie-hellman-group18-sha512, diffie-hellman-group14-sha256, kex-strict-s-v00@openssh.com
DEB [20260207-23:59:28.672] thr=1   paramiko.transport: server key: rsa-sha2-512, rsa-sha2-256, ecdsa-sha2-nistp256, ssh-ed25519
DEB [20260207-23:59:28.672] thr=1   paramiko.transport: client encrypt: chacha20-poly1305@openssh.com, aes128-ctr, aes192-ctr, aes256-ctr, aes128-gcm@openssh.com, aes256-gcm@openssh.com
DEB [20260207-23:59:28.672] thr=1   paramiko.transport: server encrypt: chacha20-poly1305@openssh.com, aes128-ctr, aes192-ctr, aes256-ctr, aes128-gcm@openssh.com, aes256-gcm@openssh.com
DEB [20260207-23:59:28.672] thr=1   paramiko.transport: client mac: umac-64-etm@openssh.com, umac-128-etm@openssh.com, hmac-sha2-256-etm@openssh.com, hmac-sha2-512-etm@openssh.com, hmac-sha1-etm@openssh.com, umac-64@openssh.com, umac-128@openssh.com, hmac-sha2-256, hmac-sha2-512, hmac-sha1
DEB [20260207-23:59:28.672] thr=1   paramiko.transport: server mac: umac-64-etm@openssh.com, umac-128-etm@openssh.com, hmac-sha2-256-etm@openssh.com, hmac-sha2-512-etm@openssh.com, hmac-sha1-etm@openssh.com, umac-64@openssh.com, umac-128@openssh.com, hmac-sha2-256, hmac-sha2-512, hmac-sha1
DEB [20260207-23:59:28.672] thr=1   paramiko.transport: client compress: none, zlib@openssh.com
DEB [20260207-23:59:28.672] thr=1   paramiko.transport: server compress: none, zlib@openssh.com
DEB [20260207-23:59:28.672] thr=1   paramiko.transport: client lang: <none>
DEB [20260207-23:59:28.672] thr=1   paramiko.transport: server lang: <none>
DEB [20260207-23:59:28.672] thr=1   paramiko.transport: kex follows: False
DEB [20260207-23:59:28.672] thr=1   paramiko.transport: === Key exchange agreements ===
DEB [20260207-23:59:28.672] thr=1   paramiko.transport: Strict kex mode: True
DEB [20260207-23:59:28.673] thr=1   paramiko.transport: Kex: curve25519-sha256@libssh.org
DEB [20260207-23:59:28.673] thr=1   paramiko.transport: HostKey: ssh-ed25519
DEB [20260207-23:59:28.673] thr=1   paramiko.transport: Cipher: aes128-ctr
DEB [20260207-23:59:28.673] thr=1   paramiko.transport: MAC: hmac-sha2-256
DEB [20260207-23:59:28.673] thr=1   paramiko.transport: Compression: none
DEB [20260207-23:59:28.673] thr=1   paramiko.transport: === End of kex handshake ===
DEB [20260207-23:59:28.800] thr=1   paramiko.transport: Resetting outbound seqno after NEWKEYS due to strict mode
DEB [20260207-23:59:28.800] thr=1   paramiko.transport: kex engine KexCurve25519 specified hash_algo <built-in function openssl_sha256>
DEB [20260207-23:59:28.801] thr=1   paramiko.transport: Switch to new keys ...
DEB [20260207-23:59:28.801] thr=1   paramiko.transport: Resetting inbound seqno after NEWKEYS due to strict mode
DEB [20260207-23:59:28.802] thr=2   paramiko.transport: Adding ssh-ed25519 host key for 72.62.93.118: b'c43a538ad4a2d18a3dba85968ed59982'
DEB [20260207-23:59:28.802] thr=1   paramiko.transport: Got EXT_INFO: {'server-sig-algs': b'ssh-ed25519,sk-ssh-ed25519@openssh.com,ssh-rsa,rsa-sha2-256,rsa-sha2-512,ssh-dss,ecdsa-sha2-nistp256,ecdsa-sha2-nistp384,ecdsa-sha2-nistp521,sk-ecdsa-sha2-nistp256@openssh.com,webauthn-sk-ecdsa-sha2-nistp256@openssh.com', 'publickey-hostbound@openssh.com': b'0'}
DEB [20260207-23:59:28.817] thr=2   paramiko.transport: Trying discovered key b'12f616d9702e2f541b4624866bf30828' in C:\Users\arezo/.ssh/id_ed25519
DEB [20260207-23:59:29.076] thr=1   paramiko.transport: userauth is OK
INF [20260207-23:59:29.209] thr=1   paramiko.transport: Authentication (publickey) failed.
DEB [20260207-23:59:29.349] thr=1   paramiko.transport: userauth is OK
INF [20260207-23:59:29.479] thr=1   paramiko.transport: Authentication (password) successful!
DEB [20260207-23:59:29.479] thr=2   paramiko.transport: [chan 0] Max packet in: 32768 bytes
DEB [20260207-23:59:29.739] thr=1   paramiko.transport: Received global request "hostkeys-00@openssh.com"
DEB [20260207-23:59:29.739] thr=1   paramiko.transport: Rejecting "hostkeys-00@openssh.com" global request from server.
DEB [20260207-23:59:29.906] thr=1   paramiko.transport: [chan 0] Max packet out: 32768 bytes
DEB [20260207-23:59:29.908] thr=1   paramiko.transport: Secsh channel 0 opened.
DEB [20260207-23:59:30.028] thr=1   paramiko.transport: [chan 0] Sesch channel 0 request ok
INF [20260207-23:59:30.148] thr=2   paramiko.transport.sftp: [chan 0] Opened sftp connection (server version 3)
DEB [20260207-23:59:30.149] thr=2   paramiko.transport.sftp: [chan 0] stat(b'/root')
DEB [20260207-23:59:30.268] thr=2   paramiko.transport.sftp: [chan 0] stat(b'/root/fmcg-platform')
DEB [20260207-23:59:30.388] thr=2   paramiko.transport.sftp: [chan 0] stat(b'/root/fmcg-platform/src')
DEB [20260207-23:59:30.509] thr=2   paramiko.transport.sftp: [chan 0] stat(b'/root/fmcg-platform/src/components')
DEB [20260207-23:59:30.626] thr=2   paramiko.transport.sftp: [chan 0] stat(b'/root/fmcg-platform/src/components/Layout')
DEB [20260207-23:59:30.748] thr=2   paramiko.transport.sftp: [chan 0] open(b'/root/fmcg-platform/src/components/Layout/Sidebar.tsx', 'wb')
DEB [20260207-23:59:30.869] thr=2   paramiko.transport.sftp: [chan 0] open(b'/root/fmcg-platform/src/components/Layout/Sidebar.tsx', 'wb') -> 00000000
DEB [20260207-23:59:30.869] thr=2   paramiko.transport.sftp: [chan 0] close(00000000)
DEB [20260207-23:59:31.107] thr=2   paramiko.transport.sftp: [chan 0] stat(b'/root/fmcg-platform/src/components/Layout/Sidebar.tsx')
DEB [20260207-23:59:31.228] thr=2   paramiko.transport.sftp: [chan 0] stat(b'/root')
DEB [20260207-23:59:31.349] thr=2   paramiko.transport.sftp: [chan 0] stat(b'/root/fmcg-platform')
DEB [20260207-23:59:31.476] thr=2   paramiko.transport.sftp: [chan 0] stat(b'/root/fmcg-platform/src')
DEB [20260207-23:59:31.596] thr=2   paramiko.transport.sftp: [chan 0] stat(b'/root/fmcg-platform/src/app')
DEB [20260207-23:59:31.715] thr=2   paramiko.transport.sftp: [chan 0] stat(b'/root/fmcg-platform/src/app/(dashboard)')
DEB [20260207-23:59:31.836] thr=2   paramiko.transport.sftp: [chan 0] stat(b'/root/fmcg-platform/src/app/(dashboard)/marketplace')
DEB [20260207-23:59:31.956] thr=2   paramiko.transport.sftp: [chan 0] mkdir(b'/root/fmcg-platform/src/app/(dashboard)/marketplace', 511)
DEB [20260207-23:59:32.076] thr=2   paramiko.transport.sftp: [chan 0] stat(b'/root')
DEB [20260207-23:59:32.194] thr=2   paramiko.transport.sftp: [chan 0] stat(b'/root/fmcg-platform')
DEB [20260207-23:59:32.314] thr=2   paramiko.transport.sftp: [chan 0] stat(b'/root/fmcg-platform/src')
DEB [20260207-23:59:32.434] thr=2   paramiko.transport.sftp: [chan 0] stat(b'/root/fmcg-platform/src/app')
DEB [20260207-23:59:32.554] thr=2   paramiko.transport.sftp: [chan 0] stat(b'/root/fmcg-platform/src/app/(dashboard)')
DEB [20260207-23:59:32.674] thr=2   paramiko.transport.sftp: [chan 0] stat(b'/root/fmcg-platform/src/app/(dashboard)/marketplace')
DEB [20260207-23:59:32.795] thr=2   paramiko.transport.sftp: [chan 0] stat(b'/root/fmcg-platform/src/app/(dashboard)/marketplace/dashboard')
DEB [20260207-23:59:32.916] thr=2   paramiko.transport.sftp: [chan 0] mkdir(b'/root/fmcg-platform/src/app/(dashboard)/marketplace/dashboard', 511)
DEB [20260207-23:59:33.045] thr=2   paramiko.transport.sftp: [chan 0] open(b'/root/fmcg-platform/src/app/(dashboard)/marketplace/dashboard/page.tsx', 'wb')
DEB [20260207-23:59:33.165] thr=2   paramiko.transport.sftp: [chan 0] open(b'/root/fmcg-platform/src/app/(dashboard)/marketplace/dashboard/page.tsx', 'wb') -> 00000000
DEB [20260207-23:59:33.166] thr=2   paramiko.transport.sftp: [chan 0] close(00000000)
DEB [20260207-23:59:33.408] thr=2   paramiko.transport.sftp: [chan 0] stat(b'/root/fmcg-platform/src/app/(dashboard)/marketplace/dashboard/page.tsx')
DEB [20260207-23:59:33.529] thr=2   paramiko.transport.sftp: [chan 0] open(b'/root/fmcg-platform/src/app/(dashboard)/marketplace/page.tsx', 'wb')
DEB [20260207-23:59:33.649] thr=2   paramiko.transport.sftp: [chan 0] open(b'/root/fmcg-platform/src/app/(dashboard)/marketplace/page.tsx', 'wb') -> 00000000
DEB [20260207-23:59:33.649] thr=2   paramiko.transport.sftp: [chan 0] close(00000000)
DEB [20260207-23:59:33.894] thr=2   paramiko.transport.sftp: [chan 0] stat(b'/root/fmcg-platform/src/app/(dashboard)/marketplace/page.tsx')
DEB [20260207-23:59:34.014] thr=2   paramiko.transport.sftp: [chan 0] stat(b'/root')
DEB [20260207-23:59:34.133] thr=2   paramiko.transport.sftp: [chan 0] stat(b'/root/fmcg-platform')
DEB [20260207-23:59:34.254] thr=2   paramiko.transport.sftp: [chan 0] stat(b'/root/fmcg-platform/src')
DEB [20260207-23:59:34.374] thr=2   paramiko.transport.sftp: [chan 0] stat(b'/root/fmcg-platform/src/app')
DEB [20260207-23:59:34.495] thr=2   paramiko.transport.sftp: [chan 0] stat(b'/root/fmcg-platform/src/app/(dashboard)')
DEB [20260207-23:59:34.615] thr=2   paramiko.transport.sftp: [chan 0] stat(b'/root/fmcg-platform/src/app/(dashboard)/marketplace')
DEB [20260207-23:59:34.734] thr=2   paramiko.transport.sftp: [chan 0] stat(b'/root/fmcg-platform/src/app/(dashboard)/marketplace/product')
DEB [20260207-23:59:34.855] thr=2   paramiko.transport.sftp: [chan 0] mkdir(b'/root/fmcg-platform/src/app/(dashboard)/marketplace/product', 511)
DEB [20260207-23:59:34.975] thr=2   paramiko.transport.sftp: [chan 0] stat(b'/root')
DEB [20260207-23:59:35.092] thr=2   paramiko.transport.sftp: [chan 0] stat(b'/root/fmcg-platform')
DEB [20260207-23:59:35.213] thr=2   paramiko.transport.sftp: [chan 0] stat(b'/root/fmcg-platform/src')
DEB [20260207-23:59:35.333] thr=2   paramiko.transport.sftp: [chan 0] stat(b'/root/fmcg-platform/src/app')
DEB [20260207-23:59:35.451] thr=2   paramiko.transport.sftp: [chan 0] stat(b'/root/fmcg-platform/src/app/(dashboard)')
DEB [20260207-23:59:35.571] thr=2   paramiko.transport.sftp: [chan 0] stat(b'/root/fmcg-platform/src/app/(dashboard)/marketplace')
DEB [20260207-23:59:35.692] thr=2   paramiko.transport.sftp: [chan 0] stat(b'/root/fmcg-platform/src/app/(dashboard)/marketplace/product')
DEB [20260207-23:59:35.812] thr=2   paramiko.transport.sftp: [chan 0] stat(b'/root/fmcg-platform/src/app/(dashboard)/marketplace/product/[id]')
DEB [20260207-23:59:35.937] thr=2   paramiko.transport.sftp: [chan 0] mkdir(b'/root/fmcg-platform/src/app/(dashboard)/marketplace/product/[id]', 511)
DEB [20260207-23:59:36.062] thr=2   paramiko.transport.sftp: [chan 0] open(b'/root/fmcg-platform/src/app/(dashboard)/marketplace/product/[id]/page.tsx', 'wb')
DEB [20260207-23:59:36.183] thr=2   paramiko.transport.sftp: [chan 0] open(b'/root/fmcg-platform/src/app/(dashboard)/marketplace/product/[id]/page.tsx', 'wb') -> 00000000
DEB [20260207-23:59:36.183] thr=2   paramiko.transport.sftp: [chan 0] close(00000000)
DEB [20260207-23:59:36.422] thr=2   paramiko.transport.sftp: [chan 0] stat(b'/root/fmcg-platform/src/app/(dashboard)/marketplace/product/[id]/page.tsx')
DEB [20260207-23:59:36.560] thr=2   paramiko.transport: [chan 1] Max packet in: 32768 bytes
DEB [20260207-23:59:36.684] thr=1   paramiko.transport: [chan 1] Max packet out: 32768 bytes
DEB [20260207-23:59:36.684] thr=1   paramiko.transport: Secsh channel 1 opened.
DEB [20260207-23:59:36.805] thr=1   paramiko.transport: [chan 1] Sesch channel 1 request ok
DEB [20260207-23:59:36.810] thr=1   paramiko.transport: [chan 1] EOF received (1)
DEB [20260207-23:59:36.811] thr=1   paramiko.transport: [chan 1] EOF sent (1)
DEB [20260207-23:59:36.812] thr=2   paramiko.transport: [chan 2] Max packet in: 32768 bytes
DEB [20260207-23:59:37.096] thr=1   paramiko.transport: [chan 2] Max packet out: 32768 bytes
DEB [20260207-23:59:37.096] thr=1   paramiko.transport: Secsh channel 2 opened.
DEB [20260207-23:59:37.217] thr=1   paramiko.transport: [chan 2] Sesch channel 2 request ok
DEB [20260207-23:59:37.220] thr=1   paramiko.transport: [chan 2] EOF received (2)
DEB [20260207-23:59:37.221] thr=1   paramiko.transport: [chan 2] EOF sent (2)
INF [20260207-23:59:37.221] thr=2   paramiko.transport.sftp: [chan 0] sftp session closed.
DEB [20260207-23:59:37.221] thr=2   paramiko.transport: [chan 0] EOF sent (0)
DEB [20260207-23:59:37.221] thr=2   paramiko.transport: [chan 3] Max packet in: 32768 bytes
DEB [20260207-23:59:37.503] thr=1   paramiko.transport: [chan 3] Max packet out: 32768 bytes
DEB [20260207-23:59:37.503] thr=1   paramiko.transport: Secsh channel 3 opened.
DEB [20260207-23:59:37.624] thr=1   paramiko.transport: [chan 3] Sesch channel 3 request ok
DEB [20260207-23:59:52.968] thr=1   paramiko.transport: [chan 3] EOF received (3)
DEB [20260207-23:59:52.968] thr=1   paramiko.transport: [chan 3] EOF sent (3)
DEB [20260207-23:59:52.979] thr=2   paramiko.transport: [chan 4] Max packet in: 32768 bytes
DEB [20260207-23:59:53.250] thr=1   paramiko.transport: [chan 4] Max packet out: 32768 bytes
DEB [20260207-23:59:53.250] thr=1   paramiko.transport: Secsh channel 4 opened.
DEB [20260207-23:59:53.370] thr=1   paramiko.transport: [chan 4] Sesch channel 4 request ok
DEB [20260207-23:59:53.631] thr=1   paramiko.transport: [chan 4] EOF received (4)
DEB [20260207-23:59:53.632] thr=1   paramiko.transport: [chan 4] EOF sent (4)
DEB [20260207-23:59:53.633] thr=1   paramiko.transport: EOF in transport thread
