DEB [20260208-00:02:47.813] thr=1   paramiko.transport: starting thread (client mode): 0x3d7dbf90
DEB [20260208-00:02:47.814] thr=1   paramiko.transport: Local version/idstring: SSH-2.0-paramiko_4.0.0
DEB [20260208-00:02:47.941] thr=1   paramiko.transport: Remote version/idstring: SSH-2.0-OpenSSH_8.9p1 Ubuntu-3ubuntu0.13
INF [20260208-00:02:47.941] thr=1   paramiko.transport: Connected (version 2.0, client OpenSSH_8.9p1)
DEB [20260208-00:02:48.061] thr=1   paramiko.transport: === Key exchange possibilities ===
DEB [20260208-00:02:48.062] thr=1   paramiko.transport: kex algos: curve25519-sha256, curve25519-sha256@libssh.org, ecdh-sha2-nistp256, ecdh-sha2-nistp384, ecdh-sha2-nistp521, sntrup761x25519-sha512@openssh.com, diffie-hellman-group-exchange-sha256, diffie-hellman-group16-sha512, diffie-hellman-group18-sha512, diffie-hellman-group14-sha256, kex-strict-s-v00@openssh.com
DEB [20260208-00:02:48.062] thr=1   paramiko.transport: server key: rsa-sha2-512, rsa-sha2-256, ecdsa-sha2-nistp256, ssh-ed25519
DEB [20260208-00:02:48.062] thr=1   paramiko.transport: client encrypt: chacha20-poly1305@openssh.com, aes128-ctr, aes192-ctr, aes256-ctr, aes128-gcm@openssh.com, aes256-gcm@openssh.com
DEB [20260208-00:02:48.062] thr=1   paramiko.transport: server encrypt: chacha20-poly1305@openssh.com, aes128-ctr, aes192-ctr, aes256-ctr, aes128-gcm@openssh.com, aes256-gcm@openssh.com
DEB [20260208-00:02:48.063] thr=1   paramiko.transport: client mac: umac-64-etm@openssh.com, umac-128-etm@openssh.com, hmac-sha2-256-etm@openssh.com, hmac-sha2-512-etm@openssh.com, hmac-sha1-etm@openssh.com, umac-64@openssh.com, umac-128@openssh.com, hmac-sha2-256, hmac-sha2-512, hmac-sha1
DEB [20260208-00:02:48.063] thr=1   paramiko.transport: server mac: umac-64-etm@openssh.com, umac-128-etm@openssh.com, hmac-sha2-256-etm@openssh.com, hmac-sha2-512-etm@openssh.com, hmac-sha1-etm@openssh.com, umac-64@openssh.com, umac-128@openssh.com, hmac-sha2-256, hmac-sha2-512, hmac-sha1
DEB [20260208-00:02:48.063] thr=1   paramiko.transport: client compress: none, zlib@openssh.com
DEB [20260208-00:02:48.063] thr=1   paramiko.transport: server compress: none, zlib@openssh.com
DEB [20260208-00:02:48.063] thr=1   paramiko.transport: client lang: <none>
DEB [20260208-00:02:48.064] thr=1   paramiko.transport: server lang: <none>
DEB [20260208-00:02:48.064] thr=1   paramiko.transport: kex follows: False
DEB [20260208-00:02:48.064] thr=1   paramiko.transport: === Key exchange agreements ===
DEB [20260208-00:02:48.064] thr=1   paramiko.transport: Strict kex mode: True
DEB [20260208-00:02:48.064] thr=1   paramiko.transport: Kex: curve25519-sha256@libssh.org
DEB [20260208-00:02:48.064] thr=1   paramiko.transport: HostKey: ssh-ed25519
DEB [20260208-00:02:48.064] thr=1   paramiko.transport: Cipher: aes128-ctr
DEB [20260208-00:02:48.064] thr=1   paramiko.transport: MAC: hmac-sha2-256
DEB [20260208-00:02:48.065] thr=1   paramiko.transport: Compression: none
DEB [20260208-00:02:48.065] thr=1   paramiko.transport: === End of kex handshake ===
DEB [20260208-00:02:48.188] thr=1   paramiko.transport: Resetting outbound seqno after NEWKEYS due to strict mode
DEB [20260208-00:02:48.188] thr=1   paramiko.transport: kex engine KexCurve25519 specified hash_algo <built-in function openssl_sha256>
DEB [20260208-00:02:48.190] thr=1   paramiko.transport: Switch to new keys ...
DEB [20260208-00:02:48.190] thr=1   paramiko.transport: Resetting inbound seqno after NEWKEYS due to strict mode
DEB [20260208-00:02:48.190] thr=2   paramiko.transport: Adding ssh-ed25519 host key for 72.62.93.118: b'c43a538ad4a2d18a3dba85968ed59982'
DEB [20260208-00:02:48.191] thr=1   paramiko.transport: Got EXT_INFO: {'server-sig-algs': b'ssh-ed25519,sk-ssh-ed25519@openssh.com,ssh-rsa,rsa-sha2-256,rsa-sha2-512,ssh-dss,ecdsa-sha2-nistp256,ecdsa-sha2-nistp384,ecdsa-sha2-nistp521,sk-ecdsa-sha2-nistp256@openssh.com,webauthn-sk-ecdsa-sha2-nistp256@openssh.com', 'publickey-hostbound@openssh.com': b'0'}
DEB [20260208-00:02:48.206] thr=2   paramiko.transport: Trying discovered key b'12f616d9702e2f541b4624866bf30828' in C:\Users\arezo/.ssh/id_ed25519
DEB [20260208-00:02:48.472] thr=1   paramiko.transport: userauth is OK
INF [20260208-00:02:48.597] thr=1   paramiko.transport: Authentication (publickey) failed.
DEB [20260208-00:02:48.721] thr=1   paramiko.transport: userauth is OK
INF [20260208-00:02:48.847] thr=1   paramiko.transport: Authentication (password) successful!
DEB [20260208-00:02:48.847] thr=2   paramiko.transport: [chan 0] Max packet in: 32768 bytes
DEB [20260208-00:02:49.135] thr=1   paramiko.transport: Received global request "hostkeys-00@openssh.com"
DEB [20260208-00:02:49.135] thr=1   paramiko.transport: Rejecting "hostkeys-00@openssh.com" global request from server.
DEB [20260208-00:02:49.299] thr=1   paramiko.transport: [chan 0] Max packet out: 32768 bytes
DEB [20260208-00:02:49.299] thr=1   paramiko.transport: Secsh channel 0 opened.
DEB [20260208-00:02:49.418] thr=1   paramiko.transport: [chan 0] Sesch channel 0 request ok
INF [20260208-00:02:49.536] thr=2   paramiko.transport.sftp: [chan 0] Opened sftp connection (server version 3)
DEB [20260208-00:02:49.536] thr=2   paramiko.transport.sftp: [chan 0] stat(b'/root')
DEB [20260208-00:02:49.653] thr=2   paramiko.transport.sftp: [chan 0] stat(b'/root/fmcg-platform')
DEB [20260208-00:02:49.771] thr=2   paramiko.transport.sftp: [chan 0] stat(b'/root/fmcg-platform/src')
DEB [20260208-00:02:49.889] thr=2   paramiko.transport.sftp: [chan 0] stat(b'/root/fmcg-platform/src/components')
DEB [20260208-00:02:50.008] thr=2   paramiko.transport.sftp: [chan 0] stat(b'/root/fmcg-platform/src/components/Layout')
DEB [20260208-00:02:50.126] thr=2   paramiko.transport.sftp: [chan 0] open(b'/root/fmcg-platform/src/components/Layout/Sidebar.tsx', 'wb')
DEB [20260208-00:02:50.243] thr=2   paramiko.transport.sftp: [chan 0] open(b'/root/fmcg-platform/src/components/Layout/Sidebar.tsx', 'wb') -> 00000000
DEB [20260208-00:02:50.245] thr=2   paramiko.transport.sftp: [chan 0] close(00000000)
DEB [20260208-00:02:50.482] thr=2   paramiko.transport.sftp: [chan 0] stat(b'/root/fmcg-platform/src/components/Layout/Sidebar.tsx')
DEB [20260208-00:02:50.601] thr=2   paramiko.transport.sftp: [chan 0] stat(b'/root')
DEB [20260208-00:02:50.718] thr=2   paramiko.transport.sftp: [chan 0] stat(b'/root/fmcg-platform')
DEB [20260208-00:02:50.837] thr=2   paramiko.transport.sftp: [chan 0] stat(b'/root/fmcg-platform/src')
DEB [20260208-00:02:50.955] thr=2   paramiko.transport.sftp: [chan 0] stat(b'/root/fmcg-platform/src/app')
DEB [20260208-00:02:51.073] thr=2   paramiko.transport.sftp: [chan 0] stat(b'/root/fmcg-platform/src/app/(dashboard)')
DEB [20260208-00:02:51.193] thr=2   paramiko.transport.sftp: [chan 0] stat(b'/root/fmcg-platform/src/app/(dashboard)/admin')
DEB [20260208-00:02:51.311] thr=2   paramiko.transport.sftp: [chan 0] stat(b'/root')
DEB [20260208-00:02:51.429] thr=2   paramiko.transport.sftp: [chan 0] stat(b'/root/fmcg-platform')
DEB [20260208-00:02:51.548] thr=2   paramiko.transport.sftp: [chan 0] stat(b'/root/fmcg-platform/src')
DEB [20260208-00:02:51.665] thr=2   paramiko.transport.sftp: [chan 0] stat(b'/root/fmcg-platform/src/app')
DEB [20260208-00:02:51.783] thr=2   paramiko.transport.sftp: [chan 0] stat(b'/root/fmcg-platform/src/app/(dashboard)')
DEB [20260208-00:02:51.904] thr=2   paramiko.transport.sftp: [chan 0] stat(b'/root/fmcg-platform/src/app/(dashboard)/admin')
DEB [20260208-00:02:52.022] thr=2   paramiko.transport.sftp: [chan 0] stat(b'/root/fmcg-platform/src/app/(dashboard)/admin/marketplace')
DEB [20260208-00:02:52.144] thr=2   paramiko.transport.sftp: [chan 0] mkdir(b'/root/fmcg-platform/src/app/(dashboard)/admin/marketplace', 511)
DEB [20260208-00:02:52.263] thr=2   paramiko.transport.sftp: [chan 0] open(b'/root/fmcg-platform/src/app/(dashboard)/admin/marketplace/page.tsx', 'wb')
DEB [20260208-00:02:52.382] thr=2   paramiko.transport.sftp: [chan 0] open(b'/root/fmcg-platform/src/app/(dashboard)/admin/marketplace/page.tsx', 'wb') -> 00000000
DEB [20260208-00:02:52.383] thr=2   paramiko.transport.sftp: [chan 0] close(00000000)
DEB [20260208-00:02:52.622] thr=2   paramiko.transport.sftp: [chan 0] stat(b'/root/fmcg-platform/src/app/(dashboard)/admin/marketplace/page.tsx')
DEB [20260208-00:02:52.740] thr=2   paramiko.transport.sftp: [chan 0] stat(b'/root')
DEB [20260208-00:02:52.859] thr=2   paramiko.transport.sftp: [chan 0] stat(b'/root/fmcg-platform')
DEB [20260208-00:02:52.978] thr=2   paramiko.transport.sftp: [chan 0] stat(b'/root/fmcg-platform/src')
DEB [20260208-00:02:53.095] thr=2   paramiko.transport.sftp: [chan 0] stat(b'/root/fmcg-platform/src/app')
DEB [20260208-00:02:53.213] thr=2   paramiko.transport.sftp: [chan 0] stat(b'/root/fmcg-platform/src/app/(dashboard)')
DEB [20260208-00:02:53.331] thr=2   paramiko.transport.sftp: [chan 0] stat(b'/root/fmcg-platform/src/app/(dashboard)/admin')
DEB [20260208-00:02:53.453] thr=2   paramiko.transport.sftp: [chan 0] stat(b'/root/fmcg-platform/src/app/(dashboard)/admin/overview')
DEB [20260208-00:02:53.572] thr=2   paramiko.transport.sftp: [chan 0] mkdir(b'/root/fmcg-platform/src/app/(dashboard)/admin/overview', 511)
DEB [20260208-00:02:53.690] thr=2   paramiko.transport.sftp: [chan 0] open(b'/root/fmcg-platform/src/app/(dashboard)/admin/overview/page.tsx', 'wb')
DEB [20260208-00:02:53.810] thr=2   paramiko.transport.sftp: [chan 0] open(b'/root/fmcg-platform/src/app/(dashboard)/admin/overview/page.tsx', 'wb') -> 00000000
DEB [20260208-00:02:53.810] thr=2   paramiko.transport.sftp: [chan 0] close(00000000)
DEB [20260208-00:02:54.061] thr=2   paramiko.transport.sftp: [chan 0] stat(b'/root/fmcg-platform/src/app/(dashboard)/admin/overview/page.tsx')
DEB [20260208-00:02:54.182] thr=2   paramiko.transport.sftp: [chan 0] open(b'/root/fmcg-platform/src/app/(dashboard)/admin/page.tsx', 'wb')
DEB [20260208-00:02:54.310] thr=2   paramiko.transport.sftp: [chan 0] open(b'/root/fmcg-platform/src/app/(dashboard)/admin/page.tsx', 'wb') -> 00000000
DEB [20260208-00:02:54.310] thr=2   paramiko.transport.sftp: [chan 0] close(00000000)
DEB [20260208-00:02:54.546] thr=2   paramiko.transport.sftp: [chan 0] stat(b'/root/fmcg-platform/src/app/(dashboard)/admin/page.tsx')
DEB [20260208-00:02:54.665] thr=2   paramiko.transport.sftp: [chan 0] stat(b'/root')
DEB [20260208-00:02:54.785] thr=2   paramiko.transport.sftp: [chan 0] stat(b'/root/fmcg-platform')
DEB [20260208-00:02:54.903] thr=2   paramiko.transport.sftp: [chan 0] stat(b'/root/fmcg-platform/src')
DEB [20260208-00:02:55.021] thr=2   paramiko.transport.sftp: [chan 0] stat(b'/root/fmcg-platform/src/app')
DEB [20260208-00:02:55.143] thr=2   paramiko.transport.sftp: [chan 0] stat(b'/root/fmcg-platform/src/app/(dashboard)')
DEB [20260208-00:02:55.261] thr=2   paramiko.transport.sftp: [chan 0] stat(b'/root/fmcg-platform/src/app/(dashboard)/admin')
DEB [20260208-00:02:55.379] thr=2   paramiko.transport.sftp: [chan 0] stat(b'/root/fmcg-platform/src/app/(dashboard)/admin/users')
DEB [20260208-00:02:55.500] thr=2   paramiko.transport.sftp: [chan 0] open(b'/root/fmcg-platform/src/app/(dashboard)/admin/users/page.tsx', 'wb')
DEB [20260208-00:02:55.619] thr=2   paramiko.transport.sftp: [chan 0] open(b'/root/fmcg-platform/src/app/(dashboard)/admin/users/page.tsx', 'wb') -> 00000000
DEB [20260208-00:02:55.620] thr=2   paramiko.transport.sftp: [chan 0] close(00000000)
DEB [20260208-00:02:55.858] thr=2   paramiko.transport.sftp: [chan 0] stat(b'/root/fmcg-platform/src/app/(dashboard)/admin/users/page.tsx')
DEB [20260208-00:02:55.977] thr=2   paramiko.transport: [chan 1] Max packet in: 32768 bytes
DEB [20260208-00:02:56.094] thr=1   paramiko.transport: [chan 1] Max packet out: 32768 bytes
DEB [20260208-00:02:56.094] thr=1   paramiko.transport: Secsh channel 1 opened.
DEB [20260208-00:02:56.212] thr=1   paramiko.transport: [chan 1] Sesch channel 1 request ok
DEB [20260208-00:02:56.223] thr=1   paramiko.transport: [chan 1] EOF received (1)
DEB [20260208-00:02:56.223] thr=1   paramiko.transport: [chan 1] EOF sent (1)
DEB [20260208-00:02:56.224] thr=2   paramiko.transport: [chan 2] Max packet in: 32768 bytes
DEB [20260208-00:02:56.502] thr=1   paramiko.transport: [chan 2] Max packet out: 32768 bytes
DEB [20260208-00:02:56.502] thr=1   paramiko.transport: Secsh channel 2 opened.
DEB [20260208-00:02:56.620] thr=1   paramiko.transport: [chan 2] Sesch channel 2 request ok
DEB [20260208-00:02:56.623] thr=1   paramiko.transport: [chan 2] EOF received (2)
DEB [20260208-00:02:56.624] thr=1   paramiko.transport: [chan 2] EOF sent (2)
INF [20260208-00:02:56.624] thr=2   paramiko.transport.sftp: [chan 0] sftp session closed.
DEB [20260208-00:02:56.624] thr=2   paramiko.transport: [chan 0] EOF sent (0)
DEB [20260208-00:02:56.625] thr=2   paramiko.transport: [chan 3] Max packet in: 32768 bytes
DEB [20260208-00:02:56.899] thr=1   paramiko.transport: [chan 3] Max packet out: 32768 bytes
DEB [20260208-00:02:56.899] thr=1   paramiko.transport: Secsh channel 3 opened.
DEB [20260208-00:02:57.018] thr=1   paramiko.transport: [chan 3] Sesch channel 3 request ok
DEB [20260208-00:03:11.621] thr=1   paramiko.transport: [chan 3] EOF received (3)
DEB [20260208-00:03:11.622] thr=1   paramiko.transport: [chan 3] EOF sent (3)
DEB [20260208-00:03:11.632] thr=2   paramiko.transport: [chan 4] Max packet in: 32768 bytes
DEB [20260208-00:03:11.902] thr=1   paramiko.transport: [chan 4] Max packet out: 32768 bytes
DEB [20260208-00:03:11.902] thr=1   paramiko.transport: Secsh channel 4 opened.
DEB [20260208-00:03:12.020] thr=1   paramiko.transport: [chan 4] Sesch channel 4 request ok
DEB [20260208-00:03:12.280] thr=1   paramiko.transport: [chan 4] EOF received (4)
DEB [20260208-00:03:12.281] thr=1   paramiko.transport: [chan 4] EOF sent (4)
DEB [20260208-00:03:12.283] thr=1   paramiko.transport: EOF in transport thread
