DEB [20260207-23:43:58.486] thr=1   paramiko.transport: starting thread (client mode): 0x8b6af950
DEB [20260207-23:43:58.487] thr=1   paramiko.transport: Local version/idstring: SSH-2.0-paramiko_4.0.0
DEB [20260207-23:43:58.619] thr=1   paramiko.transport: Remote version/idstring: SSH-2.0-OpenSSH_8.9p1 Ubuntu-3ubuntu0.13
INF [20260207-23:43:58.619] thr=1   paramiko.transport: Connected (version 2.0, client OpenSSH_8.9p1)
DEB [20260207-23:43:58.745] thr=1   paramiko.transport: === Key exchange possibilities ===
DEB [20260207-23:43:58.745] thr=1   paramiko.transport: kex algos: curve25519-sha256, curve25519-sha256@libssh.org, ecdh-sha2-nistp256, ecdh-sha2-nistp384, ecdh-sha2-nistp521, sntrup761x25519-sha512@openssh.com, diffie-hellman-group-exchange-sha256, diffie-hellman-group16-sha512, diffie-hellman-group18-sha512, diffie-hellman-group14-sha256, kex-strict-s-v00@openssh.com
DEB [20260207-23:43:58.746] thr=1   paramiko.transport: server key: rsa-sha2-512, rsa-sha2-256, ecdsa-sha2-nistp256, ssh-ed25519
DEB [20260207-23:43:58.746] thr=1   paramiko.transport: client encrypt: chacha20-poly1305@openssh.com, aes128-ctr, aes192-ctr, aes256-ctr, aes128-gcm@openssh.com, aes256-gcm@openssh.com
DEB [20260207-23:43:58.746] thr=1   paramiko.transport: server encrypt: chacha20-poly1305@openssh.com, aes128-ctr, aes192-ctr, aes256-ctr, aes128-gcm@openssh.com, aes256-gcm@openssh.com
DEB [20260207-23:43:58.746] thr=1   paramiko.transport: client mac: umac-64-etm@openssh.com, umac-128-etm@openssh.com, hmac-sha2-256-etm@openssh.com, hmac-sha2-512-etm@openssh.com, hmac-sha1-etm@openssh.com, umac-64@openssh.com, umac-128@openssh.com, hmac-sha2-256, hmac-sha2-512, hmac-sha1
DEB [20260207-23:43:58.746] thr=1   paramiko.transport: server mac: umac-64-etm@openssh.com, umac-128-etm@openssh.com, hmac-sha2-256-etm@openssh.com, hmac-sha2-512-etm@openssh.com, hmac-sha1-etm@openssh.com, umac-64@openssh.com, umac-128@openssh.com, hmac-sha2-256, hmac-sha2-512, hmac-sha1
DEB [20260207-23:43:58.746] thr=1   paramiko.transport: client compress: none, zlib@openssh.com
DEB [20260207-23:43:58.747] thr=1   paramiko.transport: server compress: none, zlib@openssh.com
DEB [20260207-23:43:58.747] thr=1   paramiko.transport: client lang: <none>
DEB [20260207-23:43:58.747] thr=1   paramiko.transport: server lang: <none>
DEB [20260207-23:43:58.747] thr=1   paramiko.transport: kex follows: False
DEB [20260207-23:43:58.747] thr=1   paramiko.transport: === Key exchange agreements ===
DEB [20260207-23:43:58.747] thr=1   paramiko.transport: Strict kex mode: True
DEB [20260207-23:43:58.747] thr=1   paramiko.transport: Kex: curve25519-sha256@libssh.org
DEB [20260207-23:43:58.747] thr=1   paramiko.transport: HostKey: ssh-ed25519
DEB [20260207-23:43:58.747] thr=1   paramiko.transport: Cipher: aes128-ctr
DEB [20260207-23:43:58.747] thr=1   paramiko.transport: MAC: hmac-sha2-256
DEB [20260207-23:43:58.748] thr=1   paramiko.transport: Compression: none
DEB [20260207-23:43:58.748] thr=1   paramiko.transport: === End of kex handshake ===
DEB [20260207-23:43:58.877] thr=1   paramiko.transport: Resetting outbound seqno after NEWKEYS due to strict mode
DEB [20260207-23:43:58.878] thr=1   paramiko.transport: kex engine KexCurve25519 specified hash_algo <built-in function openssl_sha256>
DEB [20260207-23:43:58.878] thr=1   paramiko.transport: Switch to new keys ...
DEB [20260207-23:43:58.879] thr=1   paramiko.transport: Resetting inbound seqno after NEWKEYS due to strict mode
DEB [20260207-23:43:58.879] thr=2   paramiko.transport: Adding ssh-ed25519 host key for 72.62.93.118: b'c43a538ad4a2d18a3dba85968ed59982'
DEB [20260207-23:43:58.879] thr=1   paramiko.transport: Got EXT_INFO: {'server-sig-algs': b'ssh-ed25519,sk-ssh-ed25519@openssh.com,ssh-rsa,rsa-sha2-256,rsa-sha2-512,ssh-dss,ecdsa-sha2-nistp256,ecdsa-sha2-nistp384,ecdsa-sha2-nistp521,sk-ecdsa-sha2-nistp256@openssh.com,webauthn-sk-ecdsa-sha2-nistp256@openssh.com', 'publickey-hostbound@openssh.com': b'0'}
DEB [20260207-23:43:58.893] thr=2   paramiko.transport: Trying discovered key b'12f616d9702e2f541b4624866bf30828' in C:\Users\arezo/.ssh/id_ed25519
DEB [20260207-23:43:59.163] thr=1   paramiko.transport: userauth is OK
INF [20260207-23:43:59.290] thr=1   paramiko.transport: Authentication (publickey) failed.
DEB [20260207-23:43:59.411] thr=1   paramiko.transport: userauth is OK
INF [20260207-23:43:59.539] thr=1   paramiko.transport: Authentication (password) successful!
DEB [20260207-23:43:59.539] thr=2   paramiko.transport: [chan 0] Max packet in: 32768 bytes
DEB [20260207-23:43:59.663] thr=1   paramiko.transport: Received global request "hostkeys-00@openssh.com"
DEB [20260207-23:43:59.663] thr=1   paramiko.transport: Rejecting "hostkeys-00@openssh.com" global request from server.
DEB [20260207-23:43:59.827] thr=1   paramiko.transport: [chan 0] Max packet out: 32768 bytes
DEB [20260207-23:43:59.827] thr=1   paramiko.transport: Secsh channel 0 opened.
DEB [20260207-23:43:59.949] thr=1   paramiko.transport: [chan 0] Sesch channel 0 request ok
INF [20260207-23:44:00.071] thr=2   paramiko.transport.sftp: [chan 0] Opened sftp connection (server version 3)
DEB [20260207-23:44:00.071] thr=2   paramiko.transport.sftp: [chan 0] open(b'/root/fmcg-platform/run_internal_migration.py', 'wb')
DEB [20260207-23:44:00.194] thr=2   paramiko.transport.sftp: [chan 0] open(b'/root/fmcg-platform/run_internal_migration.py', 'wb') -> 00000000
DEB [20260207-23:44:00.194] thr=2   paramiko.transport.sftp: [chan 0] close(00000000)
DEB [20260207-23:44:00.436] thr=2   paramiko.transport.sftp: [chan 0] stat(b'/root/fmcg-platform/run_internal_migration.py')
DEB [20260207-23:44:00.559] thr=2   paramiko.transport.sftp: [chan 0] open(b'/root/fmcg-platform/update_marketplace_v2.sql', 'wb')
DEB [20260207-23:44:00.680] thr=2   paramiko.transport.sftp: [chan 0] open(b'/root/fmcg-platform/update_marketplace_v2.sql', 'wb') -> 00000000
DEB [20260207-23:44:00.681] thr=2   paramiko.transport.sftp: [chan 0] close(00000000)
DEB [20260207-23:44:00.922] thr=2   paramiko.transport.sftp: [chan 0] stat(b'/root/fmcg-platform/update_marketplace_v2.sql')
INF [20260207-23:44:01.042] thr=2   paramiko.transport.sftp: [chan 0] sftp session closed.
DEB [20260207-23:44:01.043] thr=2   paramiko.transport: [chan 0] EOF sent (0)
DEB [20260207-23:44:01.044] thr=2   paramiko.transport: [chan 1] Max packet in: 32768 bytes
DEB [20260207-23:44:01.165] thr=1   paramiko.transport: [chan 0] EOF received (0)
DEB [20260207-23:44:01.286] thr=1   paramiko.transport: [chan 1] Max packet out: 32768 bytes
DEB [20260207-23:44:01.287] thr=1   paramiko.transport: Secsh channel 1 opened.
DEB [20260207-23:44:01.407] thr=1   paramiko.transport: [chan 1] Sesch channel 1 request ok
DEB [20260207-23:44:02.588] thr=1   paramiko.transport: [chan 1] EOF received (1)
DEB [20260207-23:44:02.588] thr=1   paramiko.transport: [chan 1] EOF sent (1)
DEB [20260207-23:44:02.590] thr=2   paramiko.transport: [chan 2] Max packet in: 32768 bytes
DEB [20260207-23:44:02.870] thr=1   paramiko.transport: [chan 2] Max packet out: 32768 bytes
DEB [20260207-23:44:02.870] thr=1   paramiko.transport: Secsh channel 2 opened.
DEB [20260207-23:44:02.992] thr=1   paramiko.transport: [chan 2] Sesch channel 2 request ok
DEB [20260207-23:44:04.308] thr=1   paramiko.transport: [chan 2] EOF received (2)
DEB [20260207-23:44:04.308] thr=1   paramiko.transport: [chan 2] EOF sent (2)
DEB [20260207-23:44:04.309] thr=1   paramiko.transport: EOF in transport thread
DEB [20260207-23:45:00.196] thr=1   paramiko.transport: starting thread (client mode): 0xfe7fa10
DEB [20260207-23:45:00.197] thr=1   paramiko.transport: Local version/idstring: SSH-2.0-paramiko_4.0.0
DEB [20260207-23:45:00.307] thr=1   paramiko.transport: Remote version/idstring: SSH-2.0-OpenSSH_8.9p1 Ubuntu-3ubuntu0.13
INF [20260207-23:45:00.307] thr=1   paramiko.transport: Connected (version 2.0, client OpenSSH_8.9p1)
DEB [20260207-23:45:00.413] thr=1   paramiko.transport: === Key exchange possibilities ===
DEB [20260207-23:45:00.413] thr=1   paramiko.transport: kex algos: curve25519-sha256, curve25519-sha256@libssh.org, ecdh-sha2-nistp256, ecdh-sha2-nistp384, ecdh-sha2-nistp521, sntrup761x25519-sha512@openssh.com, diffie-hellman-group-exchange-sha256, diffie-hellman-group16-sha512, diffie-hellman-group18-sha512, diffie-hellman-group14-sha256, kex-strict-s-v00@openssh.com
DEB [20260207-23:45:00.413] thr=1   paramiko.transport: server key: rsa-sha2-512, rsa-sha2-256, ecdsa-sha2-nistp256, ssh-ed25519
DEB [20260207-23:45:00.413] thr=1   paramiko.transport: client encrypt: chacha20-poly1305@openssh.com, aes128-ctr, aes192-ctr, aes256-ctr, aes128-gcm@openssh.com, aes256-gcm@openssh.com
DEB [20260207-23:45:00.413] thr=1   paramiko.transport: server encrypt: chacha20-poly1305@openssh.com, aes128-ctr, aes192-ctr, aes256-ctr, aes128-gcm@openssh.com, aes256-gcm@openssh.com
DEB [20260207-23:45:00.413] thr=1   paramiko.transport: client mac: umac-64-etm@openssh.com, umac-128-etm@openssh.com, hmac-sha2-256-etm@openssh.com, hmac-sha2-512-etm@openssh.com, hmac-sha1-etm@openssh.com, umac-64@openssh.com, umac-128@openssh.com, hmac-sha2-256, hmac-sha2-512, hmac-sha1
DEB [20260207-23:45:00.413] thr=1   paramiko.transport: server mac: umac-64-etm@openssh.com, umac-128-etm@openssh.com, hmac-sha2-256-etm@openssh.com, hmac-sha2-512-etm@openssh.com, hmac-sha1-etm@openssh.com, umac-64@openssh.com, umac-128@openssh.com, hmac-sha2-256, hmac-sha2-512, hmac-sha1
DEB [20260207-23:45:00.413] thr=1   paramiko.transport: client compress: none, zlib@openssh.com
DEB [20260207-23:45:00.413] thr=1   paramiko.transport: server compress: none, zlib@openssh.com
DEB [20260207-23:45:00.413] thr=1   paramiko.transport: client lang: <none>
DEB [20260207-23:45:00.413] thr=1   paramiko.transport: server lang: <none>
DEB [20260207-23:45:00.413] thr=1   paramiko.transport: kex follows: False
DEB [20260207-23:45:00.414] thr=1   paramiko.transport: === Key exchange agreements ===
DEB [20260207-23:45:00.414] thr=1   paramiko.transport: Strict kex mode: True
DEB [20260207-23:45:00.414] thr=1   paramiko.transport: Kex: curve25519-sha256@libssh.org
DEB [20260207-23:45:00.414] thr=1   paramiko.transport: HostKey: ssh-ed25519
DEB [20260207-23:45:00.414] thr=1   paramiko.transport: Cipher: aes128-ctr
DEB [20260207-23:45:00.414] thr=1   paramiko.transport: MAC: hmac-sha2-256
DEB [20260207-23:45:00.414] thr=1   paramiko.transport: Compression: none
DEB [20260207-23:45:00.414] thr=1   paramiko.transport: === End of kex handshake ===
DEB [20260207-23:45:00.524] thr=1   paramiko.transport: Resetting outbound seqno after NEWKEYS due to strict mode
DEB [20260207-23:45:00.524] thr=1   paramiko.transport: kex engine KexCurve25519 specified hash_algo <built-in function openssl_sha256>
DEB [20260207-23:45:00.525] thr=1   paramiko.transport: Switch to new keys ...
DEB [20260207-23:45:00.525] thr=1   paramiko.transport: Resetting inbound seqno after NEWKEYS due to strict mode
DEB [20260207-23:45:00.526] thr=2   paramiko.transport: Adding ssh-ed25519 host key for 72.62.93.118: b'c43a538ad4a2d18a3dba85968ed59982'
DEB [20260207-23:45:00.526] thr=1   paramiko.transport: Got EXT_INFO: {'server-sig-algs': b'ssh-ed25519,sk-ssh-ed25519@openssh.com,ssh-rsa,rsa-sha2-256,rsa-sha2-512,ssh-dss,ecdsa-sha2-nistp256,ecdsa-sha2-nistp384,ecdsa-sha2-nistp521,sk-ecdsa-sha2-nistp256@openssh.com,webauthn-sk-ecdsa-sha2-nistp256@openssh.com', 'publickey-hostbound@openssh.com': b'0'}
DEB [20260207-23:45:00.538] thr=2   paramiko.transport: Trying discovered key b'12f616d9702e2f541b4624866bf30828' in C:\Users\arezo/.ssh/id_ed25519
DEB [20260207-23:45:00.772] thr=1   paramiko.transport: userauth is OK
INF [20260207-23:45:00.880] thr=1   paramiko.transport: Authentication (publickey) failed.
DEB [20260207-23:45:00.982] thr=1   paramiko.transport: userauth is OK
INF [20260207-23:45:01.096] thr=1   paramiko.transport: Authentication (password) successful!
DEB [20260207-23:45:01.096] thr=2   paramiko.transport: [chan 0] Max packet in: 32768 bytes
DEB [20260207-23:45:01.204] thr=1   paramiko.transport: Received global request "hostkeys-00@openssh.com"
DEB [20260207-23:45:01.204] thr=1   paramiko.transport: Rejecting "hostkeys-00@openssh.com" global request from server.
DEB [20260207-23:45:01.346] thr=1   paramiko.transport: [chan 0] Max packet out: 32768 bytes
DEB [20260207-23:45:01.346] thr=1   paramiko.transport: Secsh channel 0 opened.
DEB [20260207-23:45:01.448] thr=1   paramiko.transport: [chan 0] Sesch channel 0 request ok
INF [20260207-23:45:01.550] thr=2   paramiko.transport.sftp: [chan 0] Opened sftp connection (server version 3)
DEB [20260207-23:45:01.551] thr=2   paramiko.transport.sftp: [chan 0] open(b'/root/fmcg-platform/run_internal_migration.py', 'wb')
DEB [20260207-23:45:01.652] thr=2   paramiko.transport.sftp: [chan 0] open(b'/root/fmcg-platform/run_internal_migration.py', 'wb') -> 00000000
DEB [20260207-23:45:01.653] thr=2   paramiko.transport.sftp: [chan 0] close(00000000)
DEB [20260207-23:45:01.852] thr=2   paramiko.transport.sftp: [chan 0] stat(b'/root/fmcg-platform/run_internal_migration.py')
DEB [20260207-23:45:01.957] thr=2   paramiko.transport.sftp: [chan 0] open(b'/root/fmcg-platform/update_marketplace_v2.sql', 'wb')
DEB [20260207-23:45:02.060] thr=2   paramiko.transport.sftp: [chan 0] open(b'/root/fmcg-platform/update_marketplace_v2.sql', 'wb') -> 00000000
DEB [20260207-23:45:02.060] thr=2   paramiko.transport.sftp: [chan 0] close(00000000)
DEB [20260207-23:45:02.265] thr=2   paramiko.transport.sftp: [chan 0] stat(b'/root/fmcg-platform/update_marketplace_v2.sql')
INF [20260207-23:45:02.369] thr=2   paramiko.transport.sftp: [chan 0] sftp session closed.
DEB [20260207-23:45:02.369] thr=2   paramiko.transport: [chan 0] EOF sent (0)
DEB [20260207-23:45:02.370] thr=2   paramiko.transport: [chan 1] Max packet in: 32768 bytes
DEB [20260207-23:45:02.471] thr=1   paramiko.transport: [chan 0] EOF received (0)
DEB [20260207-23:45:02.571] thr=1   paramiko.transport: [chan 1] Max packet out: 32768 bytes
DEB [20260207-23:45:02.572] thr=1   paramiko.transport: Secsh channel 1 opened.
DEB [20260207-23:45:02.675] thr=1   paramiko.transport: [chan 1] Sesch channel 1 request ok
DEB [20260207-23:45:03.186] thr=1   paramiko.transport: [chan 1] EOF received (1)
DEB [20260207-23:45:03.187] thr=1   paramiko.transport: [chan 1] EOF sent (1)
DEB [20260207-23:45:03.188] thr=2   paramiko.transport: [chan 2] Max packet in: 32768 bytes
DEB [20260207-23:45:03.429] thr=1   paramiko.transport: [chan 2] Max packet out: 32768 bytes
DEB [20260207-23:45:03.430] thr=1   paramiko.transport: Secsh channel 2 opened.
DEB [20260207-23:45:03.532] thr=1   paramiko.transport: [chan 2] Sesch channel 2 request ok
DEB [20260207-23:45:04.783] thr=1   paramiko.transport: [chan 2] EOF received (2)
DEB [20260207-23:45:04.783] thr=1   paramiko.transport: [chan 2] EOF sent (2)
DEB [20260207-23:45:04.783] thr=1   paramiko.transport: Dropping user packet because connection is dead.
