DEB [20260207-22:04:03.087] thr=1   paramiko.transport: starting thread (client mode): 0x6ed5fad0
DEB [20260207-22:04:03.088] thr=1   paramiko.transport: Local version/idstring: SSH-2.0-paramiko_4.0.0
DEB [20260207-22:04:03.199] thr=1   paramiko.transport: Remote version/idstring: SSH-2.0-OpenSSH_8.9p1 Ubuntu-3ubuntu0.13
INF [20260207-22:04:03.200] thr=1   paramiko.transport: Connected (version 2.0, client OpenSSH_8.9p1)
DEB [20260207-22:04:03.307] thr=1   paramiko.transport: === Key exchange possibilities ===
DEB [20260207-22:04:03.307] thr=1   paramiko.transport: kex algos: curve25519-sha256, curve25519-sha256@libssh.org, ecdh-sha2-nistp256, ecdh-sha2-nistp384, ecdh-sha2-nistp521, sntrup761x25519-sha512@openssh.com, diffie-hellman-group-exchange-sha256, diffie-hellman-group16-sha512, diffie-hellman-group18-sha512, diffie-hellman-group14-sha256, kex-strict-s-v00@openssh.com
DEB [20260207-22:04:03.308] thr=1   paramiko.transport: server key: rsa-sha2-512, rsa-sha2-256, ecdsa-sha2-nistp256, ssh-ed25519
DEB [20260207-22:04:03.308] thr=1   paramiko.transport: client encrypt: chacha20-poly1305@openssh.com, aes128-ctr, aes192-ctr, aes256-ctr, aes128-gcm@openssh.com, aes256-gcm@openssh.com
DEB [20260207-22:04:03.309] thr=1   paramiko.transport: server encrypt: chacha20-poly1305@openssh.com, aes128-ctr, aes192-ctr, aes256-ctr, aes128-gcm@openssh.com, aes256-gcm@openssh.com
DEB [20260207-22:04:03.309] thr=1   paramiko.transport: client mac: umac-64-etm@openssh.com, umac-128-etm@openssh.com, hmac-sha2-256-etm@openssh.com, hmac-sha2-512-etm@openssh.com, hmac-sha1-etm@openssh.com, umac-64@openssh.com, umac-128@openssh.com, hmac-sha2-256, hmac-sha2-512, hmac-sha1
DEB [20260207-22:04:03.309] thr=1   paramiko.transport: server mac: umac-64-etm@openssh.com, umac-128-etm@openssh.com, hmac-sha2-256-etm@openssh.com, hmac-sha2-512-etm@openssh.com, hmac-sha1-etm@openssh.com, umac-64@openssh.com, umac-128@openssh.com, hmac-sha2-256, hmac-sha2-512, hmac-sha1
DEB [20260207-22:04:03.309] thr=1   paramiko.transport: client compress: none, zlib@openssh.com
DEB [20260207-22:04:03.309] thr=1   paramiko.transport: server compress: none, zlib@openssh.com
DEB [20260207-22:04:03.309] thr=1   paramiko.transport: client lang: <none>
DEB [20260207-22:04:03.310] thr=1   paramiko.transport: server lang: <none>
DEB [20260207-22:04:03.310] thr=1   paramiko.transport: kex follows: False
DEB [20260207-22:04:03.310] thr=1   paramiko.transport: === Key exchange agreements ===
DEB [20260207-22:04:03.310] thr=1   paramiko.transport: Strict kex mode: True
DEB [20260207-22:04:03.310] thr=1   paramiko.transport: Kex: curve25519-sha256@libssh.org
DEB [20260207-22:04:03.311] thr=1   paramiko.transport: HostKey: ssh-ed25519
DEB [20260207-22:04:03.311] thr=1   paramiko.transport: Cipher: aes128-ctr
DEB [20260207-22:04:03.311] thr=1   paramiko.transport: MAC: hmac-sha2-256
DEB [20260207-22:04:03.311] thr=1   paramiko.transport: Compression: none
DEB [20260207-22:04:03.311] thr=1   paramiko.transport: === End of kex handshake ===
DEB [20260207-22:04:03.422] thr=1   paramiko.transport: Resetting outbound seqno after NEWKEYS due to strict mode
DEB [20260207-22:04:03.423] thr=1   paramiko.transport: kex engine KexCurve25519 specified hash_algo <built-in function openssl_sha256>
DEB [20260207-22:04:03.424] thr=1   paramiko.transport: Switch to new keys ...
DEB [20260207-22:04:03.425] thr=1   paramiko.transport: Resetting inbound seqno after NEWKEYS due to strict mode
DEB [20260207-22:04:03.425] thr=2   paramiko.transport: Adding ssh-ed25519 host key for 72.62.93.118: b'c43a538ad4a2d18a3dba85968ed59982'
DEB [20260207-22:04:03.426] thr=1   paramiko.transport: Got EXT_INFO: {'server-sig-algs': b'ssh-ed25519,sk-ssh-ed25519@openssh.com,ssh-rsa,rsa-sha2-256,rsa-sha2-512,ssh-dss,ecdsa-sha2-nistp256,ecdsa-sha2-nistp384,ecdsa-sha2-nistp521,sk-ecdsa-sha2-nistp256@openssh.com,webauthn-sk-ecdsa-sha2-nistp256@openssh.com', 'publickey-hostbound@openssh.com': b'0'}
DEB [20260207-22:04:03.454] thr=2   paramiko.transport: Trying discovered key b'12f616d9702e2f541b4624866bf30828' in C:\Users\arezo/.ssh/id_ed25519
DEB [20260207-22:04:03.676] thr=1   paramiko.transport: userauth is OK
INF [20260207-22:04:03.788] thr=1   paramiko.transport: Authentication (publickey) failed.
DEB [20260207-22:04:03.894] thr=1   paramiko.transport: userauth is OK
INF [20260207-22:04:04.019] thr=1   paramiko.transport: Authentication (password) successful!
DEB [20260207-22:04:04.020] thr=2   paramiko.transport: [chan 0] Max packet in: 32768 bytes
DEB [20260207-22:04:04.839] thr=1   paramiko.transport: Received global request "hostkeys-00@openssh.com"
DEB [20260207-22:04:04.839] thr=1   paramiko.transport: Rejecting "hostkeys-00@openssh.com" global request from server.
DEB [20260207-22:04:04.994] thr=1   paramiko.transport: [chan 0] Max packet out: 32768 bytes
DEB [20260207-22:04:04.994] thr=1   paramiko.transport: Secsh channel 0 opened.
DEB [20260207-22:04:05.113] thr=1   paramiko.transport: [chan 0] Sesch channel 0 request ok
INF [20260207-22:04:05.223] thr=2   paramiko.transport.sftp: [chan 0] Opened sftp connection (server version 3)
DEB [20260207-22:04:05.224] thr=2   paramiko.transport: [chan 1] Max packet in: 32768 bytes
DEB [20260207-22:04:05.335] thr=1   paramiko.transport: [chan 1] Max packet out: 32768 bytes
DEB [20260207-22:04:05.335] thr=1   paramiko.transport: Secsh channel 1 opened.
DEB [20260207-22:04:05.446] thr=1   paramiko.transport: [chan 1] Sesch channel 1 request ok
DEB [20260207-22:04:05.454] thr=1   paramiko.transport: [chan 1] EOF received (1)
DEB [20260207-22:04:05.454] thr=1   paramiko.transport: [chan 1] EOF sent (1)
DEB [20260207-22:04:05.455] thr=2   paramiko.transport.sftp: [chan 0] open(b'/root/fmcg-platform/src/lib/permissions.ts', 'wb')
DEB [20260207-22:04:05.720] thr=2   paramiko.transport.sftp: [chan 0] open(b'/root/fmcg-platform/src/lib/permissions.ts', 'wb') -> 00000000
DEB [20260207-22:04:05.721] thr=2   paramiko.transport.sftp: [chan 0] close(00000000)
DEB [20260207-22:04:05.938] thr=2   paramiko.transport.sftp: [chan 0] stat(b'/root/fmcg-platform/src/lib/permissions.ts')
DEB [20260207-22:04:06.049] thr=2   paramiko.transport.sftp: [chan 0] open(b'/root/fmcg-platform/src/middleware.ts', 'wb')
DEB [20260207-22:04:06.159] thr=2   paramiko.transport.sftp: [chan 0] open(b'/root/fmcg-platform/src/middleware.ts', 'wb') -> 00000000
DEB [20260207-22:04:06.159] thr=2   paramiko.transport.sftp: [chan 0] close(00000000)
DEB [20260207-22:04:06.376] thr=2   paramiko.transport.sftp: [chan 0] stat(b'/root/fmcg-platform/src/middleware.ts')
DEB [20260207-22:04:06.489] thr=2   paramiko.transport.sftp: [chan 0] open(b'/root/fmcg-platform/src/app/admin/overview/page.tsx', 'wb')
DEB [20260207-22:04:06.606] thr=2   paramiko.transport.sftp: [chan 0] open(b'/root/fmcg-platform/src/app/admin/overview/page.tsx', 'wb') -> 00000000
DEB [20260207-22:04:06.606] thr=2   paramiko.transport.sftp: [chan 0] close(00000000)
DEB [20260207-22:04:06.843] thr=2   paramiko.transport.sftp: [chan 0] stat(b'/root/fmcg-platform/src/app/admin/overview/page.tsx')
DEB [20260207-22:04:06.952] thr=2   paramiko.transport.sftp: [chan 0] open(b'/root/fmcg-platform/src/components/Layout/Sidebar.tsx', 'wb')
DEB [20260207-22:04:07.062] thr=2   paramiko.transport.sftp: [chan 0] open(b'/root/fmcg-platform/src/components/Layout/Sidebar.tsx', 'wb') -> 00000000
DEB [20260207-22:04:07.063] thr=2   paramiko.transport.sftp: [chan 0] close(00000000)
DEB [20260207-22:04:07.287] thr=2   paramiko.transport.sftp: [chan 0] stat(b'/root/fmcg-platform/src/components/Layout/Sidebar.tsx')
INF [20260207-22:04:07.396] thr=2   paramiko.transport.sftp: [chan 0] sftp session closed.
DEB [20260207-22:04:07.396] thr=2   paramiko.transport: [chan 0] EOF sent (0)
DEB [20260207-22:04:07.397] thr=2   paramiko.transport: [chan 2] Max packet in: 32768 bytes
DEB [20260207-22:04:07.512] thr=1   paramiko.transport: [chan 0] EOF received (0)
DEB [20260207-22:04:07.620] thr=1   paramiko.transport: [chan 2] Max packet out: 32768 bytes
DEB [20260207-22:04:07.620] thr=1   paramiko.transport: Secsh channel 2 opened.
DEB [20260207-22:04:07.732] thr=1   paramiko.transport: [chan 2] Sesch channel 2 request ok
DEB [20260207-22:04:35.221] thr=1   paramiko.transport: [chan 2] EOF received (2)
DEB [20260207-22:04:35.222] thr=1   paramiko.transport: [chan 2] EOF sent (2)
DEB [20260207-22:04:35.230] thr=2   paramiko.transport: [chan 3] Max packet in: 32768 bytes
DEB [20260207-22:04:35.497] thr=1   paramiko.transport: [chan 3] Max packet out: 32768 bytes
DEB [20260207-22:04:35.497] thr=1   paramiko.transport: Secsh channel 3 opened.
DEB [20260207-22:04:35.606] thr=1   paramiko.transport: [chan 3] Sesch channel 3 request ok
DEB [20260207-22:04:35.960] thr=1   paramiko.transport: [chan 3] EOF received (3)
DEB [20260207-22:04:35.961] thr=1   paramiko.transport: [chan 3] EOF sent (3)
DEB [20260207-22:04:35.963] thr=1   paramiko.transport: EOF in transport thread
DEB [20260207-22:25:19.390] thr=1   paramiko.transport: starting thread (client mode): 0xffabfa90
DEB [20260207-22:25:19.390] thr=1   paramiko.transport: Local version/idstring: SSH-2.0-paramiko_4.0.0
DEB [20260207-22:25:19.517] thr=1   paramiko.transport: Remote version/idstring: SSH-2.0-OpenSSH_8.9p1 Ubuntu-3ubuntu0.13
INF [20260207-22:25:19.517] thr=1   paramiko.transport: Connected (version 2.0, client OpenSSH_8.9p1)
DEB [20260207-22:25:19.635] thr=1   paramiko.transport: === Key exchange possibilities ===
DEB [20260207-22:25:19.635] thr=1   paramiko.transport: kex algos: curve25519-sha256, curve25519-sha256@libssh.org, ecdh-sha2-nistp256, ecdh-sha2-nistp384, ecdh-sha2-nistp521, sntrup761x25519-sha512@openssh.com, diffie-hellman-group-exchange-sha256, diffie-hellman-group16-sha512, diffie-hellman-group18-sha512, diffie-hellman-group14-sha256, kex-strict-s-v00@openssh.com
DEB [20260207-22:25:19.635] thr=1   paramiko.transport: server key: rsa-sha2-512, rsa-sha2-256, ecdsa-sha2-nistp256, ssh-ed25519
DEB [20260207-22:25:19.635] thr=1   paramiko.transport: client encrypt: chacha20-poly1305@openssh.com, aes128-ctr, aes192-ctr, aes256-ctr, aes128-gcm@openssh.com, aes256-gcm@openssh.com
DEB [20260207-22:25:19.635] thr=1   paramiko.transport: server encrypt: chacha20-poly1305@openssh.com, aes128-ctr, aes192-ctr, aes256-ctr, aes128-gcm@openssh.com, aes256-gcm@openssh.com
DEB [20260207-22:25:19.635] thr=1   paramiko.transport: client mac: umac-64-etm@openssh.com, umac-128-etm@openssh.com, hmac-sha2-256-etm@openssh.com, hmac-sha2-512-etm@openssh.com, hmac-sha1-etm@openssh.com, umac-64@openssh.com, umac-128@openssh.com, hmac-sha2-256, hmac-sha2-512, hmac-sha1
DEB [20260207-22:25:19.635] thr=1   paramiko.transport: server mac: umac-64-etm@openssh.com, umac-128-etm@openssh.com, hmac-sha2-256-etm@openssh.com, hmac-sha2-512-etm@openssh.com, hmac-sha1-etm@openssh.com, umac-64@openssh.com, umac-128@openssh.com, hmac-sha2-256, hmac-sha2-512, hmac-sha1
DEB [20260207-22:25:19.636] thr=1   paramiko.transport: client compress: none, zlib@openssh.com
DEB [20260207-22:25:19.636] thr=1   paramiko.transport: server compress: none, zlib@openssh.com
DEB [20260207-22:25:19.636] thr=1   paramiko.transport: client lang: <none>
DEB [20260207-22:25:19.636] thr=1   paramiko.transport: server lang: <none>
DEB [20260207-22:25:19.636] thr=1   paramiko.transport: kex follows: False
DEB [20260207-22:25:19.636] thr=1   paramiko.transport: === Key exchange agreements ===
DEB [20260207-22:25:19.637] thr=1   paramiko.transport: Strict kex mode: True
DEB [20260207-22:25:19.637] thr=1   paramiko.transport: Kex: curve25519-sha256@libssh.org
DEB [20260207-22:25:19.637] thr=1   paramiko.transport: HostKey: ssh-ed25519
DEB [20260207-22:25:19.637] thr=1   paramiko.transport: Cipher: aes128-ctr
DEB [20260207-22:25:19.637] thr=1   paramiko.transport: MAC: hmac-sha2-256
DEB [20260207-22:25:19.637] thr=1   paramiko.transport: Compression: none
DEB [20260207-22:25:19.637] thr=1   paramiko.transport: === End of kex handshake ===
DEB [20260207-22:25:19.760] thr=1   paramiko.transport: Resetting outbound seqno after NEWKEYS due to strict mode
DEB [20260207-22:25:19.760] thr=1   paramiko.transport: kex engine KexCurve25519 specified hash_algo <built-in function openssl_sha256>
DEB [20260207-22:25:19.761] thr=1   paramiko.transport: Switch to new keys ...
DEB [20260207-22:25:19.761] thr=1   paramiko.transport: Resetting inbound seqno after NEWKEYS due to strict mode
DEB [20260207-22:25:19.761] thr=2   paramiko.transport: Adding ssh-ed25519 host key for 72.62.93.118: b'c43a538ad4a2d18a3dba85968ed59982'
DEB [20260207-22:25:19.762] thr=1   paramiko.transport: Got EXT_INFO: {'server-sig-algs': b'ssh-ed25519,sk-ssh-ed25519@openssh.com,ssh-rsa,rsa-sha2-256,rsa-sha2-512,ssh-dss,ecdsa-sha2-nistp256,ecdsa-sha2-nistp384,ecdsa-sha2-nistp521,sk-ecdsa-sha2-nistp256@openssh.com,webauthn-sk-ecdsa-sha2-nistp256@openssh.com', 'publickey-hostbound@openssh.com': b'0'}
DEB [20260207-22:25:19.775] thr=2   paramiko.transport: Trying discovered key b'12f616d9702e2f541b4624866bf30828' in C:\Users\arezo/.ssh/id_ed25519
DEB [20260207-22:25:20.038] thr=1   paramiko.transport: userauth is OK
INF [20260207-22:25:20.170] thr=1   paramiko.transport: Authentication (publickey) failed.
DEB [20260207-22:25:20.289] thr=1   paramiko.transport: userauth is OK
INF [20260207-22:25:20.414] thr=1   paramiko.transport: Authentication (password) successful!
DEB [20260207-22:25:20.414] thr=2   paramiko.transport: [chan 0] Max packet in: 32768 bytes
DEB [20260207-22:25:20.730] thr=1   paramiko.transport: Received global request "hostkeys-00@openssh.com"
DEB [20260207-22:25:20.730] thr=1   paramiko.transport: Rejecting "hostkeys-00@openssh.com" global request from server.
DEB [20260207-22:25:20.898] thr=1   paramiko.transport: [chan 0] Max packet out: 32768 bytes
DEB [20260207-22:25:20.898] thr=1   paramiko.transport: Secsh channel 0 opened.
DEB [20260207-22:25:21.017] thr=1   paramiko.transport: [chan 0] Sesch channel 0 request ok
INF [20260207-22:25:21.135] thr=2   paramiko.transport.sftp: [chan 0] Opened sftp connection (server version 3)
DEB [20260207-22:25:21.136] thr=2   paramiko.transport: [chan 1] Max packet in: 32768 bytes
DEB [20260207-22:25:21.253] thr=1   paramiko.transport: [chan 1] Max packet out: 32768 bytes
DEB [20260207-22:25:21.253] thr=1   paramiko.transport: Secsh channel 1 opened.
DEB [20260207-22:25:21.372] thr=1   paramiko.transport: [chan 1] Sesch channel 1 request ok
DEB [20260207-22:25:21.376] thr=1   paramiko.transport: [chan 1] EOF received (1)
DEB [20260207-22:25:21.377] thr=1   paramiko.transport: [chan 1] EOF sent (1)
DEB [20260207-22:25:21.378] thr=2   paramiko.transport.sftp: [chan 0] open(b'/root/fmcg-platform/src/lib/permissions.ts', 'wb')
DEB [20260207-22:25:21.655] thr=2   paramiko.transport.sftp: [chan 0] open(b'/root/fmcg-platform/src/lib/permissions.ts', 'wb') -> 00000000
DEB [20260207-22:25:21.657] thr=2   paramiko.transport.sftp: [chan 0] close(00000000)
DEB [20260207-22:25:21.895] thr=2   paramiko.transport.sftp: [chan 0] stat(b'/root/fmcg-platform/src/lib/permissions.ts')
DEB [20260207-22:25:22.018] thr=2   paramiko.transport.sftp: [chan 0] open(b'/root/fmcg-platform/src/middleware.ts', 'wb')
DEB [20260207-22:25:22.137] thr=2   paramiko.transport.sftp: [chan 0] open(b'/root/fmcg-platform/src/middleware.ts', 'wb') -> 00000000
DEB [20260207-22:25:22.138] thr=2   paramiko.transport.sftp: [chan 0] close(00000000)
DEB [20260207-22:25:22.376] thr=2   paramiko.transport.sftp: [chan 0] stat(b'/root/fmcg-platform/src/middleware.ts')
DEB [20260207-22:25:22.495] thr=2   paramiko.transport.sftp: [chan 0] open(b'/root/fmcg-platform/src/app/admin/overview/page.tsx', 'wb')
DEB [20260207-22:25:22.612] thr=2   paramiko.transport.sftp: [chan 0] open(b'/root/fmcg-platform/src/app/admin/overview/page.tsx', 'wb') -> 00000000
DEB [20260207-22:25:22.613] thr=2   paramiko.transport.sftp: [chan 0] close(00000000)
DEB [20260207-22:25:22.858] thr=2   paramiko.transport.sftp: [chan 0] stat(b'/root/fmcg-platform/src/app/admin/overview/page.tsx')
DEB [20260207-22:25:22.989] thr=2   paramiko.transport.sftp: [chan 0] open(b'/root/fmcg-platform/src/components/Layout/Sidebar.tsx', 'wb')
DEB [20260207-22:25:23.109] thr=2   paramiko.transport.sftp: [chan 0] open(b'/root/fmcg-platform/src/components/Layout/Sidebar.tsx', 'wb') -> 00000000
DEB [20260207-22:25:23.110] thr=2   paramiko.transport.sftp: [chan 0] close(00000000)
DEB [20260207-22:25:23.347] thr=2   paramiko.transport.sftp: [chan 0] stat(b'/root/fmcg-platform/src/components/Layout/Sidebar.tsx')
INF [20260207-22:25:23.465] thr=2   paramiko.transport.sftp: [chan 0] sftp session closed.
DEB [20260207-22:25:23.465] thr=2   paramiko.transport: [chan 0] EOF sent (0)
DEB [20260207-22:25:23.467] thr=2   paramiko.transport: [chan 2] Max packet in: 32768 bytes
DEB [20260207-22:25:23.583] thr=1   paramiko.transport: [chan 0] EOF received (0)
DEB [20260207-22:25:23.702] thr=1   paramiko.transport: [chan 2] Max packet out: 32768 bytes
DEB [20260207-22:25:23.702] thr=1   paramiko.transport: Secsh channel 2 opened.
DEB [20260207-22:25:23.819] thr=1   paramiko.transport: [chan 2] Sesch channel 2 request ok
DEB [20260207-22:25:39.708] thr=1   paramiko.transport: [chan 2] EOF received (2)
DEB [20260207-22:25:39.708] thr=1   paramiko.transport: [chan 2] EOF sent (2)
DEB [20260207-22:25:39.715] thr=2   paramiko.transport: [chan 3] Max packet in: 32768 bytes
DEB [20260207-22:25:39.984] thr=1   paramiko.transport: [chan 3] Max packet out: 32768 bytes
DEB [20260207-22:25:39.984] thr=1   paramiko.transport: Secsh channel 3 opened.
DEB [20260207-22:25:40.102] thr=1   paramiko.transport: [chan 3] Sesch channel 3 request ok
DEB [20260207-22:25:40.360] thr=1   paramiko.transport: [chan 3] EOF received (3)
DEB [20260207-22:25:40.361] thr=1   paramiko.transport: [chan 3] EOF sent (3)
DEB [20260207-22:25:40.363] thr=1   paramiko.transport: EOF in transport thread
