DEB [20260207-23:09:10.638] thr=1   paramiko.transport: starting thread (client mode): 0xb28a00d0
DEB [20260207-23:09:10.639] thr=1   paramiko.transport: Local version/idstring: SSH-2.0-paramiko_4.0.0
DEB [20260207-23:09:10.748] thr=1   paramiko.transport: Remote version/idstring: SSH-2.0-OpenSSH_8.9p1 Ubuntu-3ubuntu0.13
INF [20260207-23:09:10.748] thr=1   paramiko.transport: Connected (version 2.0, client OpenSSH_8.9p1)
DEB [20260207-23:09:10.855] thr=1   paramiko.transport: === Key exchange possibilities ===
DEB [20260207-23:09:10.855] thr=1   paramiko.transport: kex algos: curve25519-sha256, curve25519-sha256@libssh.org, ecdh-sha2-nistp256, ecdh-sha2-nistp384, ecdh-sha2-nistp521, sntrup761x25519-sha512@openssh.com, diffie-hellman-group-exchange-sha256, diffie-hellman-group16-sha512, diffie-hellman-group18-sha512, diffie-hellman-group14-sha256, kex-strict-s-v00@openssh.com
DEB [20260207-23:09:10.856] thr=1   paramiko.transport: server key: rsa-sha2-512, rsa-sha2-256, ecdsa-sha2-nistp256, ssh-ed25519
DEB [20260207-23:09:10.856] thr=1   paramiko.transport: client encrypt: chacha20-poly1305@openssh.com, aes128-ctr, aes192-ctr, aes256-ctr, aes128-gcm@openssh.com, aes256-gcm@openssh.com
DEB [20260207-23:09:10.856] thr=1   paramiko.transport: server encrypt: chacha20-poly1305@openssh.com, aes128-ctr, aes192-ctr, aes256-ctr, aes128-gcm@openssh.com, aes256-gcm@openssh.com
DEB [20260207-23:09:10.857] thr=1   paramiko.transport: client mac: umac-64-etm@openssh.com, umac-128-etm@openssh.com, hmac-sha2-256-etm@openssh.com, hmac-sha2-512-etm@openssh.com, hmac-sha1-etm@openssh.com, umac-64@openssh.com, umac-128@openssh.com, hmac-sha2-256, hmac-sha2-512, hmac-sha1
DEB [20260207-23:09:10.857] thr=1   paramiko.transport: server mac: umac-64-etm@openssh.com, umac-128-etm@openssh.com, hmac-sha2-256-etm@openssh.com, hmac-sha2-512-etm@openssh.com, hmac-sha1-etm@openssh.com, umac-64@openssh.com, umac-128@openssh.com, hmac-sha2-256, hmac-sha2-512, hmac-sha1
DEB [20260207-23:09:10.857] thr=1   paramiko.transport: client compress: none, zlib@openssh.com
DEB [20260207-23:09:10.857] thr=1   paramiko.transport: server compress: none, zlib@openssh.com
DEB [20260207-23:09:10.857] thr=1   paramiko.transport: client lang: <none>
DEB [20260207-23:09:10.857] thr=1   paramiko.transport: server lang: <none>
DEB [20260207-23:09:10.857] thr=1   paramiko.transport: kex follows: False
DEB [20260207-23:09:10.858] thr=1   paramiko.transport: === Key exchange agreements ===
DEB [20260207-23:09:10.858] thr=1   paramiko.transport: Strict kex mode: True
DEB [20260207-23:09:10.858] thr=1   paramiko.transport: Kex: curve25519-sha256@libssh.org
DEB [20260207-23:09:10.858] thr=1   paramiko.transport: HostKey: ssh-ed25519
DEB [20260207-23:09:10.858] thr=1   paramiko.transport: Cipher: aes128-ctr
DEB [20260207-23:09:10.858] thr=1   paramiko.transport: MAC: hmac-sha2-256
DEB [20260207-23:09:10.859] thr=1   paramiko.transport: Compression: none
DEB [20260207-23:09:10.859] thr=1   paramiko.transport: === End of kex handshake ===
DEB [20260207-23:09:10.963] thr=1   paramiko.transport: Resetting outbound seqno after NEWKEYS due to strict mode
DEB [20260207-23:09:10.963] thr=1   paramiko.transport: kex engine KexCurve25519 specified hash_algo <built-in function openssl_sha256>
DEB [20260207-23:09:10.966] thr=1   paramiko.transport: Switch to new keys ...
DEB [20260207-23:09:10.966] thr=1   paramiko.transport: Resetting inbound seqno after NEWKEYS due to strict mode
DEB [20260207-23:09:10.966] thr=2   paramiko.transport: Adding ssh-ed25519 host key for 72.62.93.118: b'c43a538ad4a2d18a3dba85968ed59982'
DEB [20260207-23:09:10.967] thr=1   paramiko.transport: Got EXT_INFO: {'server-sig-algs': b'ssh-ed25519,sk-ssh-ed25519@openssh.com,ssh-rsa,rsa-sha2-256,rsa-sha2-512,ssh-dss,ecdsa-sha2-nistp256,ecdsa-sha2-nistp384,ecdsa-sha2-nistp521,sk-ecdsa-sha2-nistp256@openssh.com,webauthn-sk-ecdsa-sha2-nistp256@openssh.com', 'publickey-hostbound@openssh.com': b'0'}
DEB [20260207-23:09:10.994] thr=2   paramiko.transport: Trying discovered key b'12f616d9702e2f541b4624866bf30828' in C:\Users\arezo/.ssh/id_ed25519
DEB [20260207-23:09:11.209] thr=1   paramiko.transport: userauth is OK
INF [20260207-23:09:11.317] thr=1   paramiko.transport: Authentication (publickey) failed.
DEB [20260207-23:09:11.429] thr=1   paramiko.transport: userauth is OK
INF [20260207-23:09:11.545] thr=1   paramiko.transport: Authentication (password) successful!
DEB [20260207-23:09:11.546] thr=2   paramiko.transport: [chan 0] Max packet in: 32768 bytes
DEB [20260207-23:09:11.649] thr=1   paramiko.transport: Received global request "hostkeys-00@openssh.com"
DEB [20260207-23:09:11.649] thr=1   paramiko.transport: Rejecting "hostkeys-00@openssh.com" global request from server.
DEB [20260207-23:09:11.796] thr=1   paramiko.transport: [chan 0] Max packet out: 32768 bytes
DEB [20260207-23:09:11.796] thr=1   paramiko.transport: Secsh channel 0 opened.
DEB [20260207-23:09:11.898] thr=1   paramiko.transport: [chan 0] Sesch channel 0 request ok
INF [20260207-23:09:12.000] thr=2   paramiko.transport.sftp: [chan 0] Opened sftp connection (server version 3)
DEB [20260207-23:09:12.001] thr=2   paramiko.transport.sftp: [chan 0] stat(b'/root')
DEB [20260207-23:09:12.102] thr=2   paramiko.transport.sftp: [chan 0] stat(b'/root/fmcg-platform')
DEB [20260207-23:09:12.209] thr=2   paramiko.transport.sftp: [chan 0] stat(b'/root/fmcg-platform/src')
DEB [20260207-23:09:12.312] thr=2   paramiko.transport.sftp: [chan 0] stat(b'/root/fmcg-platform/src/app')
DEB [20260207-23:09:12.415] thr=2   paramiko.transport.sftp: [chan 0] stat(b'/root/fmcg-platform/src/app/settings')
DEB [20260207-23:09:12.517] thr=2   paramiko.transport.sftp: [chan 0] mkdir(b'/root/fmcg-platform/src/app/settings', 511)
DEB [20260207-23:09:12.622] thr=2   paramiko.transport.sftp: [chan 0] open(b'/root/fmcg-platform/src/app/settings/page.tsx', 'wb')
DEB [20260207-23:09:12.725] thr=2   paramiko.transport.sftp: [chan 0] open(b'/root/fmcg-platform/src/app/settings/page.tsx', 'wb') -> 00000000
DEB [20260207-23:09:12.726] thr=2   paramiko.transport.sftp: [chan 0] close(00000000)
DEB [20260207-23:09:12.933] thr=2   paramiko.transport.sftp: [chan 0] stat(b'/root/fmcg-platform/src/app/settings/page.tsx')
DEB [20260207-23:09:13.035] thr=2   paramiko.transport.sftp: [chan 0] stat(b'/root')
DEB [20260207-23:09:13.137] thr=2   paramiko.transport.sftp: [chan 0] stat(b'/root/fmcg-platform')
DEB [20260207-23:09:13.239] thr=2   paramiko.transport.sftp: [chan 0] stat(b'/root/fmcg-platform/src')
DEB [20260207-23:09:13.343] thr=2   paramiko.transport.sftp: [chan 0] stat(b'/root/fmcg-platform/src/app')
DEB [20260207-23:09:13.446] thr=2   paramiko.transport.sftp: [chan 0] stat(b'/root/fmcg-platform/src/app/admin')
DEB [20260207-23:09:13.546] thr=2   paramiko.transport.sftp: [chan 0] stat(b'/root/fmcg-platform/src/app/admin/overview')
DEB [20260207-23:09:13.649] thr=2   paramiko.transport.sftp: [chan 0] open(b'/root/fmcg-platform/src/app/admin/overview/page.tsx', 'wb')
DEB [20260207-23:09:13.752] thr=2   paramiko.transport.sftp: [chan 0] open(b'/root/fmcg-platform/src/app/admin/overview/page.tsx', 'wb') -> 00000000
DEB [20260207-23:09:13.753] thr=2   paramiko.transport.sftp: [chan 0] close(00000000)
DEB [20260207-23:09:13.960] thr=2   paramiko.transport.sftp: [chan 0] stat(b'/root/fmcg-platform/src/app/admin/overview/page.tsx')
DEB [20260207-23:09:14.065] thr=2   paramiko.transport.sftp: [chan 0] stat(b'/root')
DEB [20260207-23:09:14.166] thr=2   paramiko.transport.sftp: [chan 0] stat(b'/root/fmcg-platform')
DEB [20260207-23:09:14.268] thr=2   paramiko.transport.sftp: [chan 0] stat(b'/root/fmcg-platform/src')
DEB [20260207-23:09:14.371] thr=2   paramiko.transport.sftp: [chan 0] stat(b'/root/fmcg-platform/src/components')
DEB [20260207-23:09:14.473] thr=2   paramiko.transport.sftp: [chan 0] stat(b'/root/fmcg-platform/src/components/Layout')
DEB [20260207-23:09:14.580] thr=2   paramiko.transport.sftp: [chan 0] open(b'/root/fmcg-platform/src/components/Layout/Sidebar.tsx', 'wb')
DEB [20260207-23:09:14.681] thr=2   paramiko.transport.sftp: [chan 0] open(b'/root/fmcg-platform/src/components/Layout/Sidebar.tsx', 'wb') -> 00000000
DEB [20260207-23:09:14.682] thr=2   paramiko.transport.sftp: [chan 0] close(00000000)
DEB [20260207-23:09:14.887] thr=2   paramiko.transport.sftp: [chan 0] stat(b'/root/fmcg-platform/src/components/Layout/Sidebar.tsx')
INF [20260207-23:09:14.991] thr=2   paramiko.transport.sftp: [chan 0] sftp session closed.
DEB [20260207-23:09:14.991] thr=2   paramiko.transport: [chan 0] EOF sent (0)
DEB [20260207-23:09:14.993] thr=2   paramiko.transport: [chan 1] Max packet in: 32768 bytes
DEB [20260207-23:09:15.102] thr=1   paramiko.transport: [chan 0] EOF received (0)
DEB [20260207-23:09:15.203] thr=1   paramiko.transport: [chan 1] Max packet out: 32768 bytes
DEB [20260207-23:09:15.203] thr=1   paramiko.transport: Secsh channel 1 opened.
DEB [20260207-23:09:15.305] thr=1   paramiko.transport: [chan 1] Sesch channel 1 request ok
DEB [20260207-23:09:30.101] thr=1   paramiko.transport: [chan 1] EOF received (1)
DEB [20260207-23:09:30.103] thr=1   paramiko.transport: [chan 1] EOF sent (1)
DEB [20260207-23:09:30.138] thr=2   paramiko.transport: [chan 2] Max packet in: 32768 bytes
DEB [20260207-23:09:30.367] thr=1   paramiko.transport: [chan 2] Max packet out: 32768 bytes
DEB [20260207-23:09:30.368] thr=1   paramiko.transport: Secsh channel 2 opened.
DEB [20260207-23:09:30.472] thr=1   paramiko.transport: [chan 2] Sesch channel 2 request ok
DEB [20260207-23:09:30.729] thr=1   paramiko.transport: [chan 2] EOF received (2)
DEB [20260207-23:09:30.730] thr=1   paramiko.transport: [chan 2] EOF sent (2)
DEB [20260207-23:09:30.739] thr=1   paramiko.transport: EOF in transport thread
